#
# A fatal error has been detected by the Java Runtime Environment:
#
#  Internal Error (safepoint.cpp:712), pid=45471, tid=0x000000000000a20f
#  fatal error: Illegal threadstate encountered: 4
#
# JRE version: Java(TM) SE Runtime Environment (8.0_261-b12) (build 1.8.0_261-b12)
# Java VM: Java HotSpot(TM) 64-Bit Server VM (25.261-b12 mixed mode bsd-amd64 compressed oops)
# Failed to write core dump. Core dumps have been disabled. To enable core dumping, try "ulimit -c unlimited" before starting Java again
#
# If you would like to submit a bug report, please visit:
#   http://bugreport.java.com/bugreport/crash.jsp
# The crash happened outside the Java Virtual Machine in native code.
# See problematic frame for where to report the bug.
#

---------------  T H R E A D  ---------------

Current thread (0x00007fe3e8099800):  JavaThread "Thread-1" daemon [_thread_in_native, id=41487, stack(0x000070000365f000,0x000070000375f000)]

Stack: [0x000070000365f000,0x000070000375f000],  sp=0x000070000375dee0,  free space=1019k
Native frames: (J=compiled Java code, j=interpreted, Vv=VM code, C=native code)
V  [libjvm.dylib+0x59f597]
V  [libjvm.dylib+0x1d728b]
V  [libjvm.dylib+0x4e9823]
V  [libjvm.dylib+0x564ce9]
V  [libjvm.dylib+0x2fbd10]
C  [libglass.dylib+0x5455]  -[GlassRunnable dealloc]+0x35
C  [Foundation+0x80e9b]  -[_NSThreadPerformInfo dealloc]+0x2a
C  [Foundation+0x4dcc7]  -[NSObject(NSThreadPerformAdditions) performSelectorOnMainThread:withObject:waitUntilDone:]+0x7c
j  com.sun.glass.ui.mac.MacApplication._submitForLaterInvocation(Ljava/lang/Runnable;)V+0
j  com.sun.glass.ui.mac.MacApplication.submitForLaterInvocation(Ljava/lang/Runnable;)V+2
j  com.sun.glass.ui.InvokeLaterDispatcher.run()V+82
v  ~StubRoutines::call_stub
V  [libjvm.dylib+0x2d42cd]
V  [libjvm.dylib+0x2d2f98]
V  [libjvm.dylib+0x2d31b3]
V  [libjvm.dylib+0x3416cd]
V  [libjvm.dylib+0x5636ee]
V  [libjvm.dylib+0x5635b3]
V  [libjvm.dylib+0x48e895]
C  [libsystem_pthread.dylib+0x64f4]  _pthread_start+0x7d
C  [libsystem_pthread.dylib+0x200f]  thread_start+0xf
C  0x0000000000000000

Java frames: (J=compiled Java code, j=interpreted, Vv=VM code)
j  com.sun.glass.ui.mac.MacApplication._submitForLaterInvocation(Ljava/lang/Runnable;)V+0
j  com.sun.glass.ui.mac.MacApplication.submitForLaterInvocation(Ljava/lang/Runnable;)V+2
j  com.sun.glass.ui.InvokeLaterDispatcher.run()V+82
v  ~StubRoutines::call_stub

---------------  P R O C E S S  ---------------

Java Threads: ( => current thread )
  0x00007fe3e92f3800 JavaThread "PulseTimer-CVDisplayLink thread" daemon [_thread_in_native, id=60503, stack(0x0000700003762000,0x00007000037e2000)]
  0x00007fe3e80f0800 JavaThread "Prism Font Disposer" daemon [_thread_blocked, id=52239, stack(0x0000700003a71000,0x0000700003b71000)]
  0x00007fe3e9110800 JavaThread "JavaFX-Launcher" [_thread_blocked, id=51475, stack(0x000070000396e000,0x0000700003a6e000)]
  0x00007fe3ea16e800 JavaThread "JavaFX Application Thread" [_thread_in_native_trans, id=259, stack(0x00007ff7b4ddc000,0x00007ff7b55dc000)]
=>0x00007fe3e8099800 JavaThread "Thread-1" daemon [_thread_in_native, id=41487, stack(0x000070000365f000,0x000070000375f000)]
  0x00007fe3e909b800 JavaThread "QuantumRenderer-0" daemon [_thread_blocked, id=16131, stack(0x000070000355c000,0x000070000365c000)]
  0x00007fe3e9839800 JavaThread "Service Thread" daemon [_thread_blocked, id=15107, stack(0x0000700003356000,0x0000700003456000)]
  0x00007fe3e9839000 JavaThread "C1 CompilerThread2" daemon [_thread_blocked, id=14851, stack(0x0000700003253000,0x0000700003353000)]
  0x00007fe3e9838000 JavaThread "C2 CompilerThread1" daemon [_thread_in_native, id=14595, stack(0x0000700003150000,0x0000700003250000)]
  0x00007fe3e801c800 JavaThread "C2 CompilerThread0" daemon [_thread_in_native, id=14083, stack(0x000070000304d000,0x000070000314d000)]
  0x00007fe3ea045800 JavaThread "Signal Dispatcher" daemon [_thread_blocked, id=19715, stack(0x0000700002f4a000,0x000070000304a000)]
  0x00007fe3ea031800 JavaThread "Finalizer" daemon [_thread_blocked, id=20995, stack(0x0000700002d41000,0x0000700002e41000)]
  0x00007fe3e900f000 JavaThread "Reference Handler" daemon [_thread_blocked, id=11267, stack(0x0000700002c3e000,0x0000700002d3e000)]
  0x00007fe3e9009800 JavaThread "main" [_thread_blocked, id=3587, stack(0x000070000262c000,0x000070000272c000)]

Other Threads:
  0x00007fe3e900e800 VMThread [stack: 0x0000700002b3b000,0x0000700002c3b000] [id=11011]
  0x00007fe3e9816000 WatcherThread [stack: 0x0000700003459000,0x0000700003559000] [id=15619]

VM state:not at safepoint (normal execution)

VM Mutex/Monitor currently owned by a thread: None

heap address: 0x0000000740000000, size: 2048 MB, Compressed Oops mode: Zero based, Oop shift amount: 3
Narrow klass base: 0x0000000000000000, Narrow klass shift: 3
Compressed class space size: 1073741824 Address: 0x00000007c0000000

Heap:
 PSYoungGen      total 38400K, used 11616K [0x0000000795580000, 0x000000079a080000, 0x00000007c0000000)
  eden space 33280K, 19% used [0x0000000795580000,0x0000000795bd9e58,0x0000000797600000)
  from space 5120K, 99% used [0x0000000799b80000,0x000000079a07e2e0,0x000000079a080000)
  to   space 5120K, 0% used [0x0000000797600000,0x0000000797600000,0x0000000797b00000)
 ParOldGen       total 87552K, used 15842K [0x0000000740000000, 0x0000000745580000, 0x0000000795580000)
  object space 87552K, 18% used [0x0000000740000000,0x0000000740f789b0,0x0000000745580000)
 Metaspace       used 19527K, capacity 20734K, committed 20864K, reserved 1067008K
  class space    used 2798K, capacity 3096K, committed 3200K, reserved 1048576K

Card table byte_map: [0x000000010aee5000,0x000000010b2e6000] byte_map_base: 0x00000001074e5000

Marking Bits: (ParMarkBitMap*) 0x000000010bf4f748
 Begin Bits: [0x000000011e8d7000, 0x00000001208d7000)
 End Bits:   [0x00000001208d7000, 0x00000001228d7000)

Polling page: 0x000000010aa5d000

CodeCache: size=245760Kb used=9416Kb max_used=9439Kb free=236343Kb
 bounds [0x000000010f8d7000, 0x0000000110217000, 0x000000011e8d7000]
 total_blobs=3699 nmethods=3042 adapters=569
 compilation: enabled

Compilation events (10 events):
Event: 10.373 Thread 0x00007fe3e9839000 nmethod 3045 0x00000001101f8d50 code [0x00000001101f8ec0, 0x00000001101f9110]
Event: 10.373 Thread 0x00007fe3e9839000 3037       3       java.lang.invoke.LambdaForm$DMH/258952499::invokeStatic_L4_L (20 bytes)
Event: 10.374 Thread 0x00007fe3e9839000 nmethod 3037 0x00000001101f9190 code [0x00000001101f9320, 0x00000001101f98d8]
Event: 10.374 Thread 0x00007fe3e9839000 3038       3       java.lang.invoke.LambdaForm$MH/458209687::linkToTargetMethod (13 bytes)
Event: 10.374 Thread 0x00007fe3e9839000 nmethod 3038 0x00000001101f9a10 code [0x00000001101f9ba0, 0x00000001101fa098]
Event: 10.374 Thread 0x00007fe3e9839000 3039       3       javafx.scene.layout.Region::minWidth (52 bytes)
Event: 10.375 Thread 0x00007fe3e9839000 nmethod 3039 0x00000001101fa190 code [0x00000001101fa380, 0x00000001101fab88]
Event: 10.375 Thread 0x00007fe3e9839000 3040       3       javafx.scene.layout.Region::getMinWidth (22 bytes)
Event: 10.376 Thread 0x00007fe3e9839000 nmethod 3040 0x00000001101fadd0 code [0x00000001101faf60, 0x00000001101fb328]
Event: 10.376 Thread 0x00007fe3e9839000 3041       3       javafx.scene.Parent::minWidth (89 bytes)

GC Heap History (4 events):
Event: 2.618 GC heap before
{Heap before GC invocations=1 (full 0):
 PSYoungGen      total 38400K, used 33280K [0x0000000795580000, 0x0000000798000000, 0x00000007c0000000)
  eden space 33280K, 100% used [0x0000000795580000,0x0000000797600000,0x0000000797600000)
  from space 5120K, 0% used [0x0000000797b00000,0x0000000797b00000,0x0000000798000000)
  to   space 5120K, 0% used [0x0000000797600000,0x0000000797600000,0x0000000797b00000)
 ParOldGen       total 87552K, used 0K [0x0000000740000000, 0x0000000745580000, 0x0000000795580000)
  object space 87552K, 0% used [0x0000000740000000,0x0000000740000000,0x0000000745580000)
 Metaspace       used 11177K, capacity 11570K, committed 11648K, reserved 1058816K
  class space    used 1521K, capacity 1630K, committed 1664K, reserved 1048576K
Event: 2.659 GC heap after
Heap after GC invocations=1 (full 0):
 PSYoungGen      total 38400K, used 3632K [0x0000000795580000, 0x000000079a080000, 0x00000007c0000000)
  eden space 33280K, 0% used [0x0000000795580000,0x0000000795580000,0x0000000797600000)
  from space 5120K, 70% used [0x0000000797600000,0x000000079798c040,0x0000000797b00000)
  to   space 5120K, 0% used [0x0000000799b80000,0x0000000799b80000,0x000000079a080000)
 ParOldGen       total 87552K, used 10088K [0x0000000740000000, 0x0000000745580000, 0x0000000795580000)
  object space 87552K, 11% used [0x0000000740000000,0x00000007409da0b8,0x0000000745580000)
 Metaspace       used 11177K, capacity 11570K, committed 11648K, reserved 1058816K
  class space    used 1521K, capacity 1630K, committed 1664K, reserved 1048576K
}
Event: 9.520 GC heap before
{Heap before GC invocations=2 (full 0):
 PSYoungGen      total 38400K, used 36912K [0x0000000795580000, 0x000000079a080000, 0x00000007c0000000)
  eden space 33280K, 100% used [0x0000000795580000,0x0000000797600000,0x0000000797600000)
  from space 5120K, 70% used [0x0000000797600000,0x000000079798c040,0x0000000797b00000)
  to   space 5120K, 0% used [0x0000000799b80000,0x0000000799b80000,0x000000079a080000)
 ParOldGen       total 87552K, used 10088K [0x0000000740000000, 0x0000000745580000, 0x0000000795580000)
  object space 87552K, 11% used [0x0000000740000000,0x00000007409da0b8,0x0000000745580000)
 Metaspace       used 19011K, capacity 20222K, committed 20480K, reserved 1067008K
  class space    used 2755K, capacity 3060K, committed 3072K, reserved 1048576K
Event: 9.539 GC heap after
Heap after GC invocations=2 (full 0):
 PSYoungGen      total 38400K, used 5112K [0x0000000795580000, 0x000000079a080000, 0x00000007c0000000)
  eden space 33280K, 0% used [0x0000000795580000,0x0000000795580000,0x0000000797600000)
  from space 5120K, 99% used [0x0000000799b80000,0x000000079a07e2e0,0x000000079a080000)
  to   space 5120K, 0% used [0x0000000797600000,0x0000000797600000,0x0000000797b00000)
 ParOldGen       total 87552K, used 15842K [0x0000000740000000, 0x0000000745580000, 0x0000000795580000)
  object space 87552K, 18% used [0x0000000740000000,0x0000000740f789b0,0x0000000745580000)
 Metaspace       used 19011K, capacity 20222K, committed 20480K, reserved 1067008K
  class space    used 2755K, capacity 3060K, committed 3072K, reserved 1048576K
}

Deoptimization events (10 events):
Event: 4.378 Thread 0x00007fe3ea16e800 Uncommon trap: reason=unstable_if action=reinterpret pc=0x000000010fb91128 method=java.util.HashMap.hash(Ljava/lang/Object;)I @ 1
Event: 4.382 Thread 0x00007fe3ea16e800 Uncommon trap: reason=unstable_if action=reinterpret pc=0x000000010fca0030 method=java.lang.ClassLoader.checkName(Ljava/lang/String;)Z @ 20
Event: 6.044 Thread 0x00007fe3ea16e800 Uncommon trap: reason=unstable_if action=reinterpret pc=0x000000010fe58f08 method=com.sun.javafx.css.SimpleSelector.stateMatches(Ljavafx/css/Styleable;Ljava/util/Set;)Z @ 1
Event: 8.662 Thread 0x00007fe3ea16e800 Uncommon trap: reason=array_check action=maybe_recompile pc=0x000000010fe975ac method=com.sun.javafx.css.SimpleSelector.applies(Ljavafx/css/Styleable;[Ljava/util/Set;I)Z @ 37
Event: 8.663 Thread 0x00007fe3ea16e800 Uncommon trap: reason=array_check action=maybe_recompile pc=0x000000010fe975ac method=com.sun.javafx.css.SimpleSelector.applies(Ljavafx/css/Styleable;[Ljava/util/Set;I)Z @ 37
Event: 8.663 Thread 0x00007fe3ea16e800 Uncommon trap: reason=array_check action=maybe_recompile pc=0x000000010fe975ac method=com.sun.javafx.css.SimpleSelector.applies(Ljavafx/css/Styleable;[Ljava/util/Set;I)Z @ 37
Event: 8.663 Thread 0x00007fe3ea16e800 Uncommon trap: reason=array_check action=maybe_recompile pc=0x000000010fe975ac method=com.sun.javafx.css.SimpleSelector.applies(Ljavafx/css/Styleable;[Ljava/util/Set;I)Z @ 37
Event: 10.287 Thread 0x00007fe3ea16e800 Uncommon trap: reason=null_check action=make_not_entrant pc=0x00000001101645f8 method=javafx.scene.CssStyleHelper.getCachedFont(Ljavafx/css/Styleable;)Lcom/sun/javafx/css/CalculatedValue; @ 1
Event: 10.369 Thread 0x00007fe3e909b800 Uncommon trap: reason=unstable_if action=reinterpret pc=0x0000000110178eb0 method=com.sun.prism.impl.GlyphCache.getCachedGlyph(II)Lcom/sun/prism/impl/GlyphCache$GlyphData; @ 43
Event: 10.374 Thread 0x00007fe3e909b800 Uncommon trap: reason=class_check action=maybe_recompile pc=0x0000000110120184 method=com.sun.javafx.font.CompositeStrike.getStrikeSlot(I)Lcom/sun/javafx/font/FontStrike; @ 16

Classes redefined (0 events):
No events

Internal exceptions (10 events):
Event: 1.564 Thread 0x00007fe3ea16e800 Exception <a 'java/lang/ArrayIndexOutOfBoundsException': 86> (0x0000000796541988) thrown at [/jenkins/workspace/8-2-build-macosx-x86_64/jdk8u261/295/hotspot/src/share/vm/interpreter/interpreterRuntime.cpp, line 368]
Event: 1.893 Thread 0x00007fe3ea16e800 Exception <a 'java/lang/ArrayIndexOutOfBoundsException'> (0x00000007966f50e0) thrown at [/jenkins/workspace/8-2-build-macosx-x86_64/jdk8u261/295/hotspot/src/share/vm/runtime/sharedRuntime.cpp, line 605]
Event: 2.679 Thread 0x00007fe3ea16e800 Exception <a 'java/lang/ArrayIndexOutOfBoundsException'> (0x0000000795606808) thrown at [/jenkins/workspace/8-2-build-macosx-x86_64/jdk8u261/295/hotspot/src/share/vm/runtime/sharedRuntime.cpp, line 605]
Event: 4.374 Thread 0x00007fe3ea16e800 Implicit null exception at 0x000000010fbd86f5 to 0x000000010fbd8921
Event: 4.378 Thread 0x00007fe3ea16e800 Implicit null exception at 0x000000010fb910af to 0x000000010fb91119
Event: 5.912 Thread 0x00007fe3ea16e800 Exception <a 'java/lang/ArrayIndexOutOfBoundsException'> (0x00000007969d1ad8) thrown at [/jenkins/workspace/8-2-build-macosx-x86_64/jdk8u261/295/hotspot/src/share/vm/runtime/sharedRuntime.cpp, line 605]
Event: 5.912 Thread 0x00007fe3ea16e800 Exception <a 'java/lang/ArrayIndexOutOfBoundsException'> (0x00000007969d2cc0) thrown at [/jenkins/workspace/8-2-build-macosx-x86_64/jdk8u261/295/hotspot/src/share/vm/runtime/sharedRuntime.cpp, line 605]
Event: 5.912 Thread 0x00007fe3ea16e800 Exception <a 'java/lang/ArrayIndexOutOfBoundsException'> (0x00000007969d4718) thrown at [/jenkins/workspace/8-2-build-macosx-x86_64/jdk8u261/295/hotspot/src/share/vm/runtime/sharedRuntime.cpp, line 605]
Event: 6.044 Thread 0x00007fe3ea16e800 Implicit null exception at 0x000000010fe58867 to 0x000000010fe58edd
Event: 10.287 Thread 0x00007fe3ea16e800 Implicit null exception at 0x000000011015b80c to 0x00000001101645c9

Events (10 events):
Event: 10.287 Thread 0x00007fe3ea16e800 Uncommon trap: trap_request=0xfffffff4 fr.pc=0x00000001101645f8
Event: 10.287 Thread 0x00007fe3ea16e800 DEOPT PACKING pc=0x00000001101645f8 sp=0x00007ff7b55d5870
Event: 10.287 Thread 0x00007fe3ea16e800 DEOPT UNPACKING pc=0x000000010f91c73a sp=0x00007ff7b55d5798 mode 2
Event: 10.369 Thread 0x00007fe3e909b800 Uncommon trap: trap_request=0xffffff65 fr.pc=0x0000000110178eb0
Event: 10.369 Thread 0x00007fe3e909b800 DEOPT PACKING pc=0x0000000110178eb0 sp=0x0000700003659cc0
Event: 10.369 Thread 0x00007fe3e909b800 DEOPT UNPACKING pc=0x000000010f91c73a sp=0x0000700003659be8 mode 2
Event: 10.374 Thread 0x00007fe3e909b800 Uncommon trap: trap_request=0xffffffde fr.pc=0x0000000110120184
Event: 10.374 Thread 0x00007fe3e909b800 DEOPT PACKING pc=0x0000000110120184 sp=0x000070000365a1c0
Event: 10.374 Thread 0x00007fe3e909b800 DEOPT UNPACKING pc=0x000000010f91c73a sp=0x000070000365a188 mode 2
Event: 10.377 Executing VM operation: RevokeBias


Dynamic libraries:
0x00007ff8292a8000 	/System/Library/Frameworks/Cocoa.framework/Versions/A/Cocoa
0x00007ff81512d000 	/System/Library/Frameworks/AppKit.framework/Versions/C/AppKit
0x00007ff818623000 	/System/Library/Frameworks/CoreData.framework/Versions/A/CoreData
0x00007ff813544000 	/System/Library/Frameworks/Foundation.framework/Versions/C/Foundation
0x00007ff81d3e3000 	/usr/lib/libSystem.B.dylib
0x00007ff815fbc000 	/System/Library/PrivateFrameworks/UIFoundation.framework/Versions/A/UIFoundation
0x00007ff823259000 	/System/Library/PrivateFrameworks/RemoteViewServices.framework/Versions/A/RemoteViewServices
0x00007ff81b649000 	/System/Library/PrivateFrameworks/XCTTargetBootstrap.framework/Versions/A/XCTTargetBootstrap
0x00007ff81f1f3000 	/System/Library/PrivateFrameworks/InternationalSupport.framework/Versions/A/InternationalSupport
0x00007ff81f27d000 	/System/Library/PrivateFrameworks/UserActivity.framework/Versions/A/UserActivity
0x00007ff81e5d3000 	/usr/lib/libspindump.dylib
0x00007ff81624a000 	/System/Library/Frameworks/UniformTypeIdentifiers.framework/Versions/A/UniformTypeIdentifiers
0x00007ff819d86000 	/usr/lib/libapp_launch_measurement.dylib
0x00007ff818fef000 	/System/Library/PrivateFrameworks/CoreAnalytics.framework/Versions/A/CoreAnalytics
0x00007ff819d89000 	/System/Library/PrivateFrameworks/CoreAutoLayout.framework/Versions/A/CoreAutoLayout
0x00007ff81afa9000 	/System/Library/Frameworks/Metal.framework/Versions/A/Metal
0x00007ff81bcbf000 	/usr/lib/liblangid.dylib
0x00007ff81b64d000 	/System/Library/PrivateFrameworks/CoreSVG.framework/Versions/A/CoreSVG
0x00007ff817611000 	/System/Library/PrivateFrameworks/SkyLight.framework/Versions/A/SkyLight
0x00007ff8179a4000 	/System/Library/Frameworks/CoreGraphics.framework/Versions/A/CoreGraphics
0x00007ff8238c8000 	/System/Library/Frameworks/Accelerate.framework/Versions/A/Accelerate
0x00007ff81e04e000 	/System/Library/PrivateFrameworks/IconServices.framework/Versions/A/IconServices
0x00007ff81af8e000 	/System/Library/Frameworks/IOSurface.framework/Versions/A/IOSurface
0x00007ff81901d000 	/usr/lib/libDiagnosticMessagesClient.dylib
0x00007ff81d303000 	/usr/lib/libz.1.dylib
0x00007ff826f37000 	/System/Library/Frameworks/ApplicationServices.framework/Versions/A/ApplicationServices
0x00007ff81b635000 	/System/Library/PrivateFrameworks/DFRFoundation.framework/Versions/A/DFRFoundation
0x00007ff814a1e000 	/usr/lib/libicucore.A.dylib
0x00007ff81ff18000 	/System/Library/Frameworks/AudioToolbox.framework/Versions/A/AudioToolbox
0x00007ff81f1ff000 	/System/Library/PrivateFrameworks/DataDetectorsCore.framework/Versions/A/DataDetectorsCore
0x00007ff91ab5e000 	/System/Library/PrivateFrameworks/TextInput.framework/Versions/A/TextInput
0x00007ff817595000 	/usr/lib/libMobileGestalt.dylib
0x00007ff81b33d000 	/System/Library/Frameworks/Carbon.framework/Versions/A/Frameworks/HIToolbox.framework/Versions/A/HIToolbox
0x00007ff8197b3000 	/System/Library/Frameworks/QuartzCore.framework/Versions/A/QuartzCore
0x00007ff8146be000 	/System/Library/Frameworks/Security.framework/Versions/A/Security
0x00007ff823291000 	/System/Library/Frameworks/Carbon.framework/Versions/A/Frameworks/SpeechRecognition.framework/Versions/A/SpeechRecognition
0x00007ff819ae6000 	/System/Library/PrivateFrameworks/CoreUI.framework/Versions/A/CoreUI
0x00007ff813f96000 	/System/Library/Frameworks/CoreAudio.framework/Versions/A/CoreAudio
0x00007ff81910b000 	/System/Library/Frameworks/DiskArbitration.framework/Versions/A/DiskArbitration
0x00007ff81e9ba000 	/System/Library/PrivateFrameworks/MultitouchSupport.framework/Versions/A/MultitouchSupport
0x00007ff817594000 	/usr/lib/libenergytrace.dylib
0x00007ff815019000 	/System/Library/Frameworks/IOKit.framework/Versions/A/IOKit
0x00007ff82367d000 	/System/Library/Frameworks/CoreServices.framework/Versions/A/CoreServices
0x00007ff819d20000 	/System/Library/PrivateFrameworks/PerformanceAnalysis.framework/Versions/A/PerformanceAnalysis
0x00007ffa2a329000 	/System/Library/Frameworks/OpenGL.framework/Versions/A/OpenGL
0x00007ff81c934000 	/System/Library/PrivateFrameworks/MobileKeyBag.framework/Versions/A/MobileKeyBag
0x00007ff812505000 	/usr/lib/libobjc.A.dylib
0x00007ff818070000 	/System/Library/Frameworks/ColorSync.framework/Versions/A/ColorSync
0x00007ff8126be000 	/System/Library/Frameworks/CoreFoundation.framework/Versions/A/CoreFoundation
0x00007ff81b8c6000 	/System/Library/Frameworks/CoreImage.framework/Versions/A/CoreImage
0x00007ff813dac000 	/System/Library/Frameworks/CoreText.framework/Versions/A/CoreText
0x00007ff81b67c000 	/System/Library/Frameworks/ImageIO.framework/Versions/A/ImageIO
0x00007ff81d3e9000 	/System/Library/PrivateFrameworks/SoftLinking.framework/Versions/A/SoftLinking
0x00007ff819dd1000 	/usr/lib/libxml2.2.dylib
0x00007ff8125cb000 	/usr/lib/libc++.1.dylib
0x00007ff81d66d000 	/usr/lib/libcompression.dylib
0x00007ff81f129000 	/System/Library/PrivateFrameworks/TextureIO.framework/Versions/A/TextureIO
0x00007ff81dd60000 	/usr/lib/libate.dylib
0x00007ff81d3de000 	/usr/lib/system/libcache.dylib
0x00007ff81d39a000 	/usr/lib/system/libcommonCrypto.dylib
0x00007ff81d3c3000 	/usr/lib/system/libcompiler_rt.dylib
0x00007ff81d3b9000 	/usr/lib/system/libcopyfile.dylib
0x00007ff8123ff000 	/usr/lib/system/libcorecrypto.dylib
0x00007ff8124be000 	/usr/lib/system/libdispatch.dylib
0x00007ff81267d000 	/usr/lib/system/libdyld.dylib
0x00007ff81d3d5000 	/usr/lib/system/libkeymgr.dylib
0x00007ff81d378000 	/usr/lib/system/libmacho.dylib
0x00007ff81ca08000 	/usr/lib/system/libquarantine.dylib
0x00007ff81d3d3000 	/usr/lib/system/libremovefile.dylib
0x00007ff8175e1000 	/usr/lib/system/libsystem_asl.dylib
0x00007ff8123ad000 	/usr/lib/system/libsystem_blocks.dylib
0x00007ff812542000 	/usr/lib/system/libsystem_c.dylib
0x00007ff81d3cb000 	/usr/lib/system/libsystem_collections.dylib
0x00007ff81bcb0000 	/usr/lib/system/libsystem_configuration.dylib
0x00007ff81af71000 	/usr/lib/system/libsystem_containermanager.dylib
0x00007ff81d0b5000 	/usr/lib/system/libsystem_coreservices.dylib
0x00007ff814ca7000 	/usr/lib/system/libsystem_darwin.dylib
0x00007ff81d3d6000 	/usr/lib/system/libsystem_dnssd.dylib
0x00007ff81253f000 	/usr/lib/system/libsystem_featureflags.dylib
0x00007ff812693000 	/usr/lib/system/libsystem_info.dylib
0x00007ff81d316000 	/usr/lib/system/libsystem_m.dylib
0x00007ff812492000 	/usr/lib/system/libsystem_malloc.dylib
0x00007ff81757e000 	/usr/lib/system/libsystem_networkextension.dylib
0x00007ff8150cf000 	/usr/lib/system/libsystem_notify.dylib
0x00007ff823552000 	/usr/lib/system/libsystem_product_info_filter.dylib
0x00007ff81bcb4000 	/usr/lib/system/libsystem_sandbox.dylib
0x00007ff81d3d0000 	/usr/lib/system/libsystem_secinit.dylib
0x00007ff81263a000 	/usr/lib/system/libsystem_kernel.dylib
0x00007ff812689000 	/usr/lib/system/libsystem_platform.dylib
0x00007ff812671000 	/usr/lib/system/libsystem_pthread.dylib
0x00007ff818e36000 	/usr/lib/system/libsystem_symptoms.dylib
0x00007ff8123e6000 	/usr/lib/system/libsystem_trace.dylib
0x00007ff81d3a6000 	/usr/lib/system/libunwind.dylib
0x00007ff8123af000 	/usr/lib/system/libxpc.dylib
0x00007ff812624000 	/usr/lib/libc++abi.dylib
0x00007ff81d3b1000 	/usr/lib/liboah.dylib
0x00007ff81db3e000 	/usr/lib/liblzma.5.dylib
0x00007ff813255000 	/System/Library/Frameworks/SystemConfiguration.framework/Versions/A/SystemConfiguration
0x00007ff81d3e5000 	/usr/lib/libfakelink.dylib
0x00007ff8170e7000 	/System/Library/Frameworks/CFNetwork.framework/Versions/A/CFNetwork
0x00007ff81d524000 	/usr/lib/libarchive.2.dylib
0x00007ff81bcbb000 	/System/Library/PrivateFrameworks/AppleSystemInfo.framework/Versions/A/AppleSystemInfo
0x00007ff81ca2f000 	/usr/lib/libbsm.0.dylib
0x00007ff81671d000 	/usr/lib/libnetwork.dylib
0x00007ff81d37e000 	/usr/lib/system/libkxld.dylib
0x00007ff81c65d000 	/System/Library/PrivateFrameworks/IOMobileFramebuffer.framework/Versions/A/IOMobileFramebuffer
0x00007ffb280d7000 	/usr/lib/libCoreEntitlements.dylib
0x00007ff81d097000 	/System/Library/PrivateFrameworks/AppleFSCompression.framework/Versions/A/AppleFSCompression
0x00007ff81ca17000 	/usr/lib/libcoretls.dylib
0x00007ff81db58000 	/usr/lib/libcoretls_cfhelpers.dylib
0x00007ff81d668000 	/usr/lib/libpam.2.dylib
0x00007ff818a58000 	/usr/lib/libsqlite3.dylib
0x00007ff81dbc7000 	/usr/lib/libxar.1.dylib
0x00007ff81d0a7000 	/usr/lib/libbz2.1.0.dylib
0x00007ff81d3ea000 	/usr/lib/libpcap.A.dylib
0x00007ff818e2d000 	/usr/lib/libdns_services.dylib
0x00007ff81d637000 	/usr/lib/libapple_nghttp2.dylib
0x00007ff81d421000 	/usr/lib/libiconv.2.dylib
0x00007ff81d377000 	/usr/lib/libcharset.1.dylib
0x00007ff819d54000 	/System/Library/Frameworks/CoreServices.framework/Versions/A/Frameworks/FSEvents.framework/Versions/A/FSEvents
0x00007ff814cb1000 	/System/Library/Frameworks/CoreServices.framework/Versions/A/Frameworks/CarbonCore.framework/Versions/A/CarbonCore
0x00007ff819070000 	/System/Library/Frameworks/CoreServices.framework/Versions/A/Frameworks/Metadata.framework/Versions/A/Metadata
0x00007ff81d0ba000 	/System/Library/Frameworks/CoreServices.framework/Versions/A/Frameworks/OSServices.framework/Versions/A/OSServices
0x00007ff81d5ab000 	/System/Library/Frameworks/CoreServices.framework/Versions/A/Frameworks/SearchKit.framework/Versions/A/SearchKit
0x00007ff818dbf000 	/System/Library/Frameworks/CoreServices.framework/Versions/A/Frameworks/AE.framework/Versions/A/AE
0x00007ff812bc1000 	/System/Library/Frameworks/CoreServices.framework/Versions/A/Frameworks/LaunchServices.framework/Versions/A/LaunchServices
0x00007ff81daef000 	/System/Library/Frameworks/CoreServices.framework/Versions/A/Frameworks/DictionaryServices.framework/Versions/A/DictionaryServices
0x00007ff819d61000 	/System/Library/Frameworks/CoreServices.framework/Versions/A/Frameworks/SharedFileList.framework/Versions/A/SharedFileList
0x00007ff81ca0b000 	/usr/lib/libCheckFix.dylib
0x00007ff8175f8000 	/System/Library/PrivateFrameworks/TCC.framework/Versions/A/TCC
0x00007ff81bcc1000 	/System/Library/PrivateFrameworks/CoreNLP.framework/Versions/A/CoreNLP
0x00007ff819020000 	/System/Library/PrivateFrameworks/MetadataUtilities.framework/Versions/A/MetadataUtilities
0x00007ff813305000 	/usr/lib/libmecabra.dylib
0x00007ff81ca3f000 	/usr/lib/libmecab.dylib
0x00007ff8132d0000 	/usr/lib/libCRFSuite.dylib
0x00007ff81ca9c000 	/usr/lib/libgermantok.dylib
0x00007ff81d612000 	/usr/lib/libThaiTokenizer.dylib
0x00007ff819112000 	/System/Library/Frameworks/Accelerate.framework/Versions/A/Frameworks/vImage.framework/Versions/A/vImage
0x00007ff823654000 	/System/Library/Frameworks/Accelerate.framework/Versions/A/Frameworks/vecLib.framework/Versions/A/vecLib
0x00007ff81dc08000 	/System/Library/Frameworks/Accelerate.framework/Versions/A/Frameworks/vecLib.framework/Versions/A/libvMisc.dylib
0x00007ff81c47b000 	/System/Library/Frameworks/Accelerate.framework/Versions/A/Frameworks/vecLib.framework/Versions/A/libvDSP.dylib
0x00007ff812f39000 	/System/Library/Frameworks/Accelerate.framework/Versions/A/Frameworks/vecLib.framework/Versions/A/libBLAS.dylib
0x00007ff81d749000 	/System/Library/Frameworks/Accelerate.framework/Versions/A/Frameworks/vecLib.framework/Versions/A/libLAPACK.dylib
0x00007ff81ca9f000 	/System/Library/Frameworks/Accelerate.framework/Versions/A/Frameworks/vecLib.framework/Versions/A/libLinearAlgebra.dylib
0x00007ff81d650000 	/System/Library/Frameworks/Accelerate.framework/Versions/A/Frameworks/vecLib.framework/Versions/A/libSparseBLAS.dylib
0x00007ff81d743000 	/System/Library/Frameworks/Accelerate.framework/Versions/A/Frameworks/vecLib.framework/Versions/A/libQuadrature.dylib
0x00007ff81bdab000 	/System/Library/Frameworks/Accelerate.framework/Versions/A/Frameworks/vecLib.framework/Versions/A/libBNNS.dylib
0x00007ff8131e6000 	/System/Library/Frameworks/Accelerate.framework/Versions/A/Frameworks/vecLib.framework/Versions/A/libSparse.dylib
0x00007ff81bda4000 	/System/Library/PrivateFrameworks/LinguisticData.framework/Versions/A/LinguisticData
0x00007ff81319b000 	/System/Library/PrivateFrameworks/Lexicon.framework/Versions/A/Lexicon
0x00007ff81dc01000 	/usr/lib/libChineseTokenizer.dylib
0x00007ff8138ff000 	/System/Library/PrivateFrameworks/LanguageModeling.framework/Versions/A/LanguageModeling
0x00007ff81d614000 	/System/Library/PrivateFrameworks/AppleSauce.framework/Versions/A/AppleSauce
0x00007ff81c64b000 	/System/Library/PrivateFrameworks/CoreEmoji.framework/Versions/A/CoreEmoji
0x00007ff81d513000 	/usr/lib/libcmph.dylib
0x00007ff819d38000 	/System/Library/Frameworks/OpenDirectory.framework/Versions/A/Frameworks/CFOpenDirectory.framework/Versions/A/CFOpenDirectory
0x00007ff819d2c000 	/System/Library/Frameworks/OpenDirectory.framework/Versions/A/OpenDirectory
0x00007ff81db5a000 	/System/Library/PrivateFrameworks/APFS.framework/Versions/A/APFS
0x00007ff81c96c000 	/System/Library/Frameworks/SecurityFoundation.framework/Versions/A/SecurityFoundation
0x00007ff81dbd5000 	/usr/lib/libutil.dylib
0x00007ff814fdc000 	/System/Library/PrivateFrameworks/CoreServicesStore.framework/Versions/A/CoreServicesStore
0x00007ff81dbd9000 	/usr/lib/libxslt.1.dylib
0x00007ff81c9f9000 	/System/Library/PrivateFrameworks/BackgroundTaskManagement.framework/Versions/A/BackgroundTaskManagement
0x00007ff81f049000 	/System/Library/Frameworks/ImageIO.framework/Versions/A/Resources/libRadiance.dylib
0x00007ff81f052000 	/System/Library/Frameworks/ImageIO.framework/Versions/A/Resources/libJPEG.dylib
0x00007ff81efa2000 	/System/Library/Frameworks/ImageIO.framework/Versions/A/Resources/libPng.dylib
0x00007ff81efc3000 	/System/Library/Frameworks/ImageIO.framework/Versions/A/Resources/libTIFF.dylib
0x00007ff81f0b2000 	/System/Library/Frameworks/ImageIO.framework/Versions/A/Resources/libGIF.dylib
0x00007ff81e8d3000 	/System/Library/Frameworks/ImageIO.framework/Versions/A/Resources/libJP2.dylib
0x00007ff81e015000 	/usr/lib/libexpat.1.dylib
0x00007ff81e888000 	/System/Library/PrivateFrameworks/AppleJPEG.framework/Versions/A/AppleJPEG
0x00007ff81b204000 	/System/Library/PrivateFrameworks/FontServices.framework/libFontParser.dylib
0x00007ff818d69000 	/System/Library/PrivateFrameworks/RunningBoardServices.framework/Versions/A/RunningBoardServices
0x00007ff829822000 	/System/Library/PrivateFrameworks/IOSurfaceAccelerator.framework/Versions/A/IOSurfaceAccelerator
0x00007ff81e9b6000 	/System/Library/PrivateFrameworks/WatchdogClient.framework/Versions/A/WatchdogClient
0x00007ff8139ee000 	/System/Library/Frameworks/CoreDisplay.framework/Versions/A/CoreDisplay
0x00007ff81b103000 	/System/Library/Frameworks/CoreMedia.framework/Versions/A/CoreMedia
0x00007ff81afa0000 	/System/Library/PrivateFrameworks/IOAccelerator.framework/Versions/A/IOAccelerator
0x00007ff819eb4000 	/System/Library/Frameworks/CoreVideo.framework/Versions/A/CoreVideo
0x00007ff81d666000 	/System/Library/Frameworks/MetalPerformanceShaders.framework/Versions/A/MetalPerformanceShaders
0x00007ff81e9f1000 	/System/Library/Frameworks/VideoToolbox.framework/Versions/A/VideoToolbox
0x00007ff818cb1000 	/System/Library/PrivateFrameworks/BaseBoard.framework/Versions/A/BaseBoard
0x00007ff818a3e000 	/System/Library/PrivateFrameworks/ProtocolBuffer.framework/Versions/A/ProtocolBuffer
0x00007ff81f042000 	/System/Library/PrivateFrameworks/GPUWrangler.framework/Versions/A/GPUWrangler
0x00007ff81f025000 	/System/Library/PrivateFrameworks/IOPresentment.framework/Versions/A/IOPresentment
0x00007ff81f04c000 	/System/Library/PrivateFrameworks/DSExternalDisplay.framework/Versions/A/DSExternalDisplay
0x00007ffa2a31d000 	/System/Library/Frameworks/OpenGL.framework/Versions/A/Libraries/libCoreFSCache.dylib
0x00007ffb163c1000 	/System/Library/PrivateFrameworks/GPUCompiler.framework/Versions/31001/Libraries/libGPUCompilerUtils.dylib
0x00007ff81f0b7000 	/System/Library/PrivateFrameworks/CMCaptureCore.framework/Versions/A/CMCaptureCore
0x00007ff81e5c1000 	/System/Library/PrivateFrameworks/AppServerSupport.framework/Versions/A/AppServerSupport
0x00007ff82079e000 	/System/Library/PrivateFrameworks/perfdata.framework/Versions/A/perfdata
0x00007ff813b1a000 	/System/Library/PrivateFrameworks/AudioToolboxCore.framework/Versions/A/AudioToolboxCore
0x00007ff81b0e0000 	/System/Library/PrivateFrameworks/caulk.framework/Versions/A/caulk
0x00007ff8200c2000 	/usr/lib/libAudioStatistics.dylib
0x00007ff9173ef000 	/System/Library/PrivateFrameworks/SystemPolicy.framework/Versions/A/SystemPolicy
0x00007ff820317000 	/usr/lib/libSMC.dylib
0x00007ff82915b000 	/System/Library/Frameworks/CoreMIDI.framework/Versions/A/CoreMIDI
0x00007ff81ef72000 	/usr/lib/libAudioToolboxUtility.dylib
0x00007ff913801000 	/System/Library/PrivateFrameworks/OSAServicesClient.framework/Versions/A/OSAServicesClient
0x00007ff8207ab000 	/usr/lib/libperfcheck.dylib
0x00007ff917e81000 	/usr/lib/libmis.dylib
0x00007ffa2a379000 	/System/Library/Frameworks/OpenGL.framework/Versions/A/Libraries/libGLU.dylib
0x00007ffa2a33c000 	/System/Library/Frameworks/OpenGL.framework/Versions/A/Libraries/libGFXShared.dylib
0x00007ffa2a54a000 	/System/Library/Frameworks/OpenGL.framework/Versions/A/Libraries/libGL.dylib
0x00007ffa2a345000 	/System/Library/Frameworks/OpenGL.framework/Versions/A/Libraries/libGLImage.dylib
0x00007ffa2a339000 	/System/Library/Frameworks/OpenGL.framework/Versions/A/Libraries/libCVMSPluginSupport.dylib
0x00007ffa2a324000 	/System/Library/Frameworks/OpenGL.framework/Versions/A/Libraries/libCoreVMClient.dylib
0x00007ff81bc3f000 	/System/Library/Frameworks/MetalPerformanceShaders.framework/Versions/A/Frameworks/MPSCore.framework/Versions/A/MPSCore
0x00007ff81d002000 	/System/Library/Frameworks/MetalPerformanceShaders.framework/Versions/A/Frameworks/MPSImage.framework/Versions/A/MPSImage
0x00007ff81cab5000 	/System/Library/Frameworks/MetalPerformanceShaders.framework/Versions/A/Frameworks/MPSNeuralNetwork.framework/Versions/A/MPSNeuralNetwork
0x00007ff81cf2a000 	/System/Library/Frameworks/MetalPerformanceShaders.framework/Versions/A/Frameworks/MPSMatrix.framework/Versions/A/MPSMatrix
0x00007ff81cce6000 	/System/Library/Frameworks/MetalPerformanceShaders.framework/Versions/A/Frameworks/MPSRayIntersector.framework/Versions/A/MPSRayIntersector
0x00007ff81cf63000 	/System/Library/Frameworks/MetalPerformanceShaders.framework/Versions/A/Frameworks/MPSNDArray.framework/Versions/A/MPSNDArray
0x00007ffa2ef3b000 	/System/Library/Frameworks/MetalPerformanceShaders.framework/Versions/A/Frameworks/MPSFunctions.framework/Versions/A/MPSFunctions
0x00007ff812e1c000 	/System/Library/PrivateFrameworks/MetalTools.framework/Versions/A/MetalTools
0x00007ff81bcb9000 	/System/Library/PrivateFrameworks/AggregateDictionary.framework/Versions/A/AggregateDictionary
0x00007ff81ddf7000 	/usr/lib/libIOReport.dylib
0x00007ffa2b959000 	/System/Library/Frameworks/OpenCL.framework/Versions/A/OpenCL
0x00007ff81e15b000 	/System/Library/PrivateFrameworks/FaceCore.framework/Versions/A/FaceCore
0x00007ff81e14c000 	/System/Library/PrivateFrameworks/GraphVisualizer.framework/Versions/A/GraphVisualizer
0x00007ffb162cc000 	/System/Library/PrivateFrameworks/FontServices.framework/Versions/A/FontServices
0x00007ff81e578000 	/System/Library/PrivateFrameworks/OTSVG.framework/Versions/A/OTSVG
0x00007ff819a9c000 	/System/Library/Frameworks/ApplicationServices.framework/Versions/A/Frameworks/ATS.framework/Versions/A/Resources/libFontRegistry.dylib
0x00007ff81e5c9000 	/System/Library/PrivateFrameworks/FontServices.framework/libhvf.dylib
0x00007ffb162cd000 	/System/Library/PrivateFrameworks/FontServices.framework/libXTFontStaticRegistryData.dylib
0x00007ff81dfc5000 	/System/Library/PrivateFrameworks/AppleVA.framework/Versions/A/AppleVA
0x00007ff8200e6000 	/System/Library/Frameworks/ApplicationServices.framework/Versions/A/Frameworks/ATS.framework/Versions/A/ATS
0x00007ff81816c000 	/System/Library/Frameworks/ApplicationServices.framework/Versions/A/Frameworks/HIServices.framework/Versions/A/HIServices
0x00007ff81f0c1000 	/System/Library/Frameworks/ApplicationServices.framework/Versions/A/Frameworks/PrintCore.framework/Versions/A/PrintCore
0x00007ff82046a000 	/System/Library/Frameworks/ApplicationServices.framework/Versions/A/Frameworks/QD.framework/Versions/A/QD
0x00007ff820462000 	/System/Library/Frameworks/ApplicationServices.framework/Versions/A/Frameworks/ColorSyncLegacy.framework/Versions/A/ColorSyncLegacy
0x00007ff8200d6000 	/System/Library/Frameworks/ApplicationServices.framework/Versions/A/Frameworks/SpeechSynthesis.framework/Versions/A/SpeechSynthesis
0x00007ff81f082000 	/System/Library/Frameworks/ApplicationServices.framework/Versions/A/Frameworks/ATSUI.framework/Versions/A/ATSUI
0x00007ff8203f7000 	/usr/lib/libcups.2.dylib
0x00007ff8207ba000 	/System/Library/Frameworks/Kerberos.framework/Versions/A/Kerberos
0x00007ff8207c9000 	/System/Library/Frameworks/GSS.framework/Versions/A/GSS
0x00007ff820152000 	/usr/lib/libresolv.9.dylib
0x00007ff81e5d8000 	/System/Library/PrivateFrameworks/Heimdal.framework/Versions/A/Heimdal
0x00007ff8272b2000 	/System/Library/Frameworks/Kerberos.framework/Versions/A/Libraries/libHeimdalProxy.dylib
0x00007ff818e3e000 	/System/Library/Frameworks/Network.framework/Versions/A/Network
0x00007ff81e02f000 	/usr/lib/libheimdal-asn1.dylib
0x00007ff820815000 	/System/Library/PrivateFrameworks/CommonAuth.framework/Versions/A/CommonAuth
0x00007ff820053000 	/System/Library/PrivateFrameworks/AudioSession.framework/Versions/A/AudioSession
0x00007ff81e0bf000 	/System/Library/PrivateFrameworks/MediaExperience.framework/Versions/A/MediaExperience
0x00007ff81fee7000 	/System/Library/PrivateFrameworks/AudioSession.framework/libSessionUtility.dylib
0x00007ff820476000 	/System/Library/PrivateFrameworks/AudioResourceArbitration.framework/Versions/A/AudioResourceArbitration
0x00007ff824467000 	/System/Library/PrivateFrameworks/PowerLog.framework/Versions/A/PowerLog
0x00007ff81e038000 	/System/Library/PrivateFrameworks/IconFoundation.framework/Versions/A/IconFoundation
0x00007ff823281000 	/System/Library/PrivateFrameworks/SpeechRecognitionCore.framework/Versions/A/SpeechRecognitionCore
0x000000010b827000 	/Library/Java/JavaVirtualMachines/jdk1.8.0_261.jdk/Contents/Home/jre/lib/server/libjvm.dylib
0x000000010aa6e000 	/Library/Java/JavaVirtualMachines/jdk1.8.0_261.jdk/Contents/Home/jre/lib/libverify.dylib
0x000000010aab2000 	/Library/Java/JavaVirtualMachines/jdk1.8.0_261.jdk/Contents/Home/jre/lib/libjava.dylib
0x000000010aa8c000 	/Library/Java/JavaVirtualMachines/jdk1.8.0_261.jdk/Contents/Home/jre/lib/libzip.dylib
0x000000010b7a1000 	/Library/Java/JavaVirtualMachines/jdk1.8.0_261.jdk/Contents/Home/jre/lib/libprism_es2.dylib
0x00007ff814f9d000 	/System/Library/PrivateFrameworks/CoreServicesInternal.framework/Versions/A/CoreServicesInternal
0x00007ffa2a555000 	/System/Library/Frameworks/OpenGL.framework/Versions/A/Resources/GLEngine.bundle/GLEngine
0x00007ffa2a3b7000 	/System/Library/Frameworks/OpenGL.framework/Versions/A/Libraries/libGLProgrammability.dylib
0x00007ffa1e780000 	/System/Library/Extensions/AppleIntelKBLGraphicsGLDriver.bundle/Contents/MacOS/AppleIntelKBLGraphicsGLDriver
0x00007ff921d4a000 	/System/Library/PrivateFrameworks/GPUSupport.framework/Versions/A/Libraries/libGPUSupportMercury.dylib
0x00007ffa2a6e4000 	/System/Library/Frameworks/OpenGL.framework/Versions/A/Resources/GLRendererFloat.bundle/GLRendererFloat
0x000000010f3aa000 	/Library/Java/JavaVirtualMachines/jdk1.8.0_261.jdk/Contents/Home/jre/lib/libglass.dylib
0x00007ff824a58000 	/System/Library/Frameworks/FileProvider.framework/Versions/A/FileProvider
0x00007ff818c1d000 	/System/Library/Frameworks/Accounts.framework/Versions/A/Accounts
0x00007ff824bcf000 	/System/Library/PrivateFrameworks/GenerationalStorage.framework/Versions/A/GenerationalStorage
0x00007ff8256e1000 	/System/Library/PrivateFrameworks/CoreSymbolication.framework/Versions/A/CoreSymbolication
0x00007ff82445c000 	/System/Library/PrivateFrameworks/SymptomDiagnosticReporter.framework/Versions/A/SymptomDiagnosticReporter
0x00007ff81625e000 	/System/Library/PrivateFrameworks/DesktopServicesPriv.framework/Versions/A/DesktopServicesPriv
0x00007ff8150de000 	/usr/lib/libsandbox.1.dylib
0x00007ff819f33000 	/System/Library/PrivateFrameworks/UserManagement.framework/Versions/A/UserManagement
0x00007ff8256a6000 	/System/Library/PrivateFrameworks/DebugSymbols.framework/Versions/A/DebugSymbols
0x00007ff820457000 	/System/Library/PrivateFrameworks/NetAuth.framework/Versions/A/NetAuth
0x00007ff821345000 	/System/Library/PrivateFrameworks/Sharing.framework/Versions/A/Sharing
0x00007ff819f06000 	/System/Library/PrivateFrameworks/login.framework/Versions/A/Frameworks/loginsupport.framework/Versions/A/loginsupport
0x00007ff8267e6000 	/System/Library/PrivateFrameworks/Apple80211.framework/Versions/A/Apple80211
0x00007ff81d0e7000 	/System/Library/PrivateFrameworks/AuthKit.framework/Versions/A/AuthKit
0x00007ff81c741000 	/System/Library/PrivateFrameworks/CoreUtils.framework/Versions/A/CoreUtils
0x00007ff81c668000 	/System/Library/Frameworks/CoreWLAN.framework/Versions/A/CoreWLAN
0x00007ff8214a0000 	/System/Library/Frameworks/IOBluetooth.framework/Versions/A/IOBluetooth
0x00007ff82684e000 	/System/Library/PrivateFrameworks/CoreWiFi.framework/Versions/A/CoreWiFi
0x00007ff82527b000 	/System/Library/PrivateFrameworks/FrontBoardServices.framework/Versions/A/FrontBoardServices
0x00007ff82530d000 	/System/Library/PrivateFrameworks/BoardServices.framework/Versions/A/BoardServices
0x00007ff81c95b000 	/System/Library/PrivateFrameworks/AssertionServices.framework/Versions/A/AssertionServices
0x00007ff8269d2000 	/System/Library/PrivateFrameworks/BackBoardServices.framework/Versions/A/BackBoardServices
0x00007ff8208a4000 	/System/Library/PrivateFrameworks/CorePhoneNumbers.framework/Versions/A/CorePhoneNumbers
0x00007ff824579000 	/System/Library/PrivateFrameworks/DiskManagement.framework/Versions/A/DiskManagement
0x00007ff82448d000 	/System/Library/PrivateFrameworks/AppleIDAuthSupport.framework/Versions/A/AppleIDAuthSupport
0x00007ffa30ed1000 	/System/Library/PrivateFrameworks/AAAFoundation.framework/Versions/A/AAAFoundation
0x00007ff820885000 	/System/Library/PrivateFrameworks/KeychainCircle.framework/Versions/A/KeychainCircle
0x00007ff824545000 	/System/Library/PrivateFrameworks/MediaKit.framework/Versions/A/MediaKit
0x00007ff824499000 	/System/Library/Frameworks/DiscRecording.framework/Versions/A/DiscRecording
0x00007ff81df3d000 	/usr/lib/libCoreStorage.dylib
0x00007ff826cc1000 	/usr/lib/libcsfde.dylib
0x00007ff82156d000 	/System/Library/PrivateFrameworks/ProtectedCloudStorage.framework/Versions/A/ProtectedCloudStorage
0x00007ff826cbd000 	/System/Library/PrivateFrameworks/EFILogin.framework/Versions/A/EFILogin
0x00007ff824bf5000 	/System/Library/PrivateFrameworks/OctagonTrust.framework/Versions/A/OctagonTrust
0x00007ffb155ee000 	/System/Library/PrivateFrameworks/CoreUtilsExtras.framework/Versions/A/CoreUtilsExtras
0x00007ff8243cf000 	/System/Library/Frameworks/CoreBluetooth.framework/Versions/A/CoreBluetooth
0x00007ff827337000 	/System/Library/Frameworks/AudioUnit.framework/Versions/A/AudioUnit
0x00007ff81df35000 	/usr/lib/libMatch.1.dylib
0x00007ff91c2d0000 	/System/Library/Frameworks/Accelerate.framework/Versions/A/Frameworks/vImage.framework/Versions/A/Libraries/libCGInterfaces.dylib
0x00000001247f5000 	/usr/lib/libobjc-trampolines.dylib
0x00007ff819c2c000 	/System/Library/PrivateFrameworks/ViewBridge.framework/Versions/A/ViewBridge
0x00007ff81e692000 	/System/Library/PrivateFrameworks/login.framework/Versions/A/login
0x00007ffb281e5000 	/usr/lib/libRosetta.dylib
0x00007ffa3158b000 	/System/Library/PrivateFrameworks/AccessibilityBundles.framework/Versions/A/AccessibilityBundles
0x000000012711f000 	/Library/Java/JavaVirtualMachines/jdk1.8.0_261.jdk/Contents/Home/jre/lib/libjavafx_font.dylib
0x0000000127768000 	/System/Library/Frameworks/FileProvider.framework/OverrideBundles/CloudDocsFileProvider.bundle/Contents/MacOS/CloudDocsFileProvider
0x00007ff81a12e000 	/System/Library/PrivateFrameworks/CloudDocs.framework/Versions/A/CloudDocs
0x00007ff826fdf000 	/System/Library/PrivateFrameworks/AppleAccount.framework/Versions/A/AppleAccount
0x00007ff821554000 	/System/Library/PrivateFrameworks/AppContainer.framework/Versions/A/AppContainer
0x00007ff821017000 	/System/Library/PrivateFrameworks/IDS.framework/Versions/A/IDS
0x00007ff827134000 	/System/Library/PrivateFrameworks/AppleIDSSOAuthentication.framework/Versions/A/AppleIDSSOAuthentication
0x00007ff819f09000 	/System/Library/PrivateFrameworks/ApplePushService.framework/Versions/A/ApplePushService
0x00007ff826d41000 	/System/Library/PrivateFrameworks/AppSupport.framework/Versions/A/AppSupport
0x00007ff81fe4b000 	/System/Library/PrivateFrameworks/IMFoundation.framework/Versions/A/IMFoundation
0x00007ff913044000 	/System/Library/PrivateFrameworks/Marco.framework/Versions/A/Marco
0x00007ff82118b000 	/System/Library/PrivateFrameworks/IDSFoundation.framework/Versions/A/IDSFoundation
0x00007ff818c99000 	/System/Library/PrivateFrameworks/CommonUtilities.framework/Versions/A/CommonUtilities
0x00007ff917a9c000 	/System/Library/PrivateFrameworks/FTServices.framework/Versions/A/FTServices
0x00007ff82ab37000 	/System/Library/PrivateFrameworks/Engram.framework/Versions/A/Engram
0x00007ff82aade000 	/usr/lib/libtidy.A.dylib
0x00007ff81e844000 	/System/Library/PrivateFrameworks/Bom.framework/Versions/A/Bom
0x00007ff81ddff000 	/System/Library/PrivateFrameworks/CrashReporterSupport.framework/Versions/A/CrashReporterSupport
0x00007ff921b13000 	/System/Library/PrivateFrameworks/FTAWD.framework/Versions/A/FTAWD
0x00007ff923c3d000 	/System/Library/PrivateFrameworks/OSAnalytics.framework/Versions/A/OSAnalytics
0x00007ff92ebd6000 	/System/Library/PrivateFrameworks/Symbolication.framework/Versions/A/Symbolication
0x00007ff917e5e000 	/System/Library/PrivateFrameworks/MallocStackLogging.framework/Versions/A/MallocStackLogging
0x00007ff823940000 	/System/Library/PrivateFrameworks/CoreDaemon.framework/Versions/B/CoreDaemon
0x00007ff82393b000 	/System/Library/PrivateFrameworks/AppleSRP.framework/Versions/A/AppleSRP
0x00007ff81ca03000 	/System/Library/Frameworks/ServiceManagement.framework/Versions/A/ServiceManagement
0x00007ff821569000 	/System/Library/PrivateFrameworks/SecCodeWrapper.framework/Versions/A/SecCodeWrapper
0x000000012773e000 	/System/Library/Frameworks/FileProvider.framework/OverrideBundles/FileProviderOverride.bundle/Contents/MacOS/FileProviderOverride
0x0000000127802000 	/System/Library/Frameworks/FileProvider.framework/OverrideBundles/FinderSyncCollaborationFileProviderOverride.bundle/Contents/MacOS/FinderSyncCollaborationFileProviderOverride
0x00007ff928281000 	/System/Library/PrivateFrameworks/FinderSyncPriv.framework/Versions/A/FinderSyncPriv
0x00007ff819f59000 	/System/Library/Frameworks/CloudKit.framework/Versions/A/CloudKit
0x00007ff8273e5000 	/System/Library/PrivateFrameworks/C2.framework/Versions/A/C2
0x00007ff81aecf000 	/System/Library/Frameworks/CoreLocation.framework/Versions/A/CoreLocation
0x00007ff8273dd000 	/System/Library/Frameworks/PushKit.framework/Versions/A/PushKit
0x00007ff825797000 	/System/Library/PrivateFrameworks/CoreTime.framework/Versions/A/CoreTime
0x00007ff828ed4000 	/System/Library/PrivateFrameworks/RTCReporting.framework/Versions/A/RTCReporting
0x00007ff821833000 	/System/Library/PrivateFrameworks/GeoServices.framework/Versions/A/GeoServices
0x00007ff81febe000 	/System/Library/PrivateFrameworks/LocationSupport.framework/Versions/A/LocationSupport
0x00007ffb16ab6000 	/System/Library/PrivateFrameworks/GeoServicesCore.framework/Versions/A/GeoServicesCore
0x00007ff913841000 	/System/Library/PrivateFrameworks/PhoneNumbers.framework/Versions/A/PhoneNumbers
0x00007ff826c46000 	/System/Library/PrivateFrameworks/RemoteServiceDiscovery.framework/Versions/A/RemoteServiceDiscovery
0x00007ff915e3f000 	/usr/lib/libFosl_dynamic.dylib
0x00007ff91bb5e000 	/usr/lib/libncurses.5.4.dylib
0x00007ffa1c978000 	/System/Library/Extensions/AppleIntelKBLGraphicsMTLDriver.bundle/Contents/MacOS/AppleIntelKBLGraphicsMTLDriver
0x00007ff917e9c000 	/System/Library/PrivateFrameworks/GPURawCounter.framework/Versions/A/GPURawCounter
0x0000000128f80000 	/Library/Java/JavaVirtualMachines/jdk1.8.0_261.jdk/Contents/Home/jre/lib/libprism_common.dylib
0x00007ff82394c000 	/System/Library/PrivateFrameworks/SystemAdministration.framework/Versions/A/SystemAdministration
0x00007ff81f2e9000 	/System/Library/Frameworks/MediaToolbox.framework/Versions/A/MediaToolbox
0x00007ff82324d000 	/System/Library/Frameworks/DirectoryService.framework/Versions/A/DirectoryService
0x00007ff826b5f000 	/System/Library/PrivateFrameworks/DiskImages.framework/Versions/A/DiskImages
0x00007ff826d39000 	/System/Library/PrivateFrameworks/LoginUIKit.framework/Versions/A/Frameworks/LoginUICore.framework/Versions/A/LoginUICore
0x00007ff81e840000 	/usr/lib/libodfde.dylib
0x00007ff824a28000 	/System/Library/PrivateFrameworks/CoreAVCHD.framework/Versions/A/CoreAVCHD
0x00007ff823910000 	/System/Library/Frameworks/MediaAccessibility.framework/Versions/A/MediaAccessibility
0x00007ff824a24000 	/System/Library/PrivateFrameworks/Mangrove.framework/Versions/A/Mangrove
0x00007ff82391b000 	/System/Library/PrivateFrameworks/AlgosScoreFramework.framework/Versions/A/AlgosScoreFramework
0x00007ffb12a3a000 	/System/Library/PrivateFrameworks/CMPhoto.framework/Versions/A/CMPhoto
0x00007ff82557c000 	/System/Library/PrivateFrameworks/AppleVPA.framework/Versions/A/AppleVPA
0x00007ff824669000 	/System/Library/PrivateFrameworks/CoreAUC.framework/Versions/A/CoreAUC
0x00007ff826ccd000 	/usr/lib/libcurl.4.dylib
0x00007ff826a2a000 	/usr/lib/libcrypto.44.dylib
0x00007ff826b32000 	/usr/lib/libssl.46.dylib
0x00007ff8269f0000 	/System/Library/Frameworks/LDAP.framework/Versions/A/LDAP
0x00007ff826a28000 	/System/Library/PrivateFrameworks/TrustEvaluationAgent.framework/Versions/A/TrustEvaluationAgent
0x00007ff82016b000 	/usr/lib/libsasl2.2.dylib

VM Arguments:
jvm_args: -Dfile.encoding=UTF-8 
java_command: /Users/kimlengthai/NetBeansProjects/Assign2/dist/run1062612010/Assign2.jar
java_class_path (initial): /Users/kimlengthai/NetBeansProjects/Assign2/dist/run1062612010/Assign2.jar
Launcher Type: SUN_STANDARD

Environment Variables:
PATH=/usr/bin:/bin:/usr/sbin:/sbin
SHELL=/bin/bash

Signal Handlers:
SIGSEGV: [libjvm.dylib+0x5a009b], sa_mask[0]=11111111011111110111111111111111, sa_flags=SA_ONSTACK|SA_RESTART|SA_SIGINFO
SIGBUS: [libjvm.dylib+0x5a009b], sa_mask[0]=11111111011111110111111111111111, sa_flags=SA_RESTART|SA_SIGINFO
SIGFPE: [libjvm.dylib+0x490c6d], sa_mask[0]=11111111011111110111111111111111, sa_flags=SA_RESTART|SA_SIGINFO
SIGPIPE: [libjvm.dylib+0x490c6d], sa_mask[0]=11111111011111110111111111111111, sa_flags=SA_RESTART|SA_SIGINFO
SIGXFSZ: [libjvm.dylib+0x490c6d], sa_mask[0]=11111111011111110111111111111111, sa_flags=SA_RESTART|SA_SIGINFO
SIGILL: [libjvm.dylib+0x490c6d], sa_mask[0]=11111111011111110111111111111111, sa_flags=SA_RESTART|SA_SIGINFO
SIGUSR1: SIG_DFL, sa_mask[0]=00000000000000000000000000000000, sa_flags=none
SIGUSR2: [libjvm.dylib+0x491566], sa_mask[0]=00100000000000000000000000000000, sa_flags=SA_RESTART|SA_SIGINFO
SIGHUP: [libjvm.dylib+0x48f775], sa_mask[0]=11111111011111110111111111111111, sa_flags=SA_RESTART|SA_SIGINFO
SIGINT: SIG_IGN, sa_mask[0]=00000000000000000000000000000000, sa_flags=none
SIGTERM: [libjvm.dylib+0x48f775], sa_mask[0]=11111111011111110111111111111111, sa_flags=SA_RESTART|SA_SIGINFO
SIGQUIT: [libjvm.dylib+0x48f775], sa_mask[0]=11111111011111110111111111111111, sa_flags=SA_RESTART|SA_SIGINFO


---------------  S Y S T E M  ---------------

OS:Bsduname:Darwin 21.2.0 Darwin Kernel Version 21.2.0: Sun Nov 28 20:28:54 PST 2021; root:xnu-8019.61.5~1/RELEASE_X86_64 x86_64
rlimit: STACK 8192k, CORE 0k, NPROC 1392, NOFILE 10240, AS infinity
load average:4.25 3.79 3.74

CPU:total 4 (initial active 4) (2 cores per cpu, 2 threads per core) family 6 model 142 stepping 9, cmov, cx8, fxsr, mmx, sse, sse2, sse3, ssse3, sse4.1, sse4.2, popcnt, avx, avx2, aes, clmul, erms, 3dnowpref, lzcnt, ht, tsc, tscinvbit, bmi1, bmi2, adx

Memory: 4k page, physical 8388608k(16292k free)

/proc/meminfo:


vm_info: Java HotSpot(TM) 64-Bit Server VM (25.261-b12) for bsd-amd64 JRE (1.8.0_261-b12), built on Jun 18 2020 06:38:55 by "java_re" with gcc 4.2.1 Compatible Apple LLVM 10.0.0 (clang-1000.11.45.5)

time: Sun Oct 23 13:12:38 2022
timezone: AEDT
elapsed time: 10 seconds (0d 0h 0m 10s)

